2024-07-11T15:15:34.803+09:00  INFO 26568 --- [restartedMain] c.e.networking.NetworkingApplication     : Starting NetworkingApplication using Java 17.0.10 with PID 26568 (C:\fullstack\복사본\networking\build\classes\java\main started by User in C:\fullstack\복사본\networking)
2024-07-11T15:15:34.805+09:00 DEBUG 26568 --- [restartedMain] c.e.networking.NetworkingApplication     : Running with Spring Boot v3.3.0, Spring v6.1.8
2024-07-11T15:15:34.806+09:00  INFO 26568 --- [restartedMain] c.e.networking.NetworkingApplication     : No active profile set, falling back to 1 default profile: "default"
2024-07-11T15:15:34.855+09:00  INFO 26568 --- [restartedMain] .e.DevToolsPropertyDefaultsPostProcessor : Devtools property defaults active! Set 'spring.devtools.add-properties' to 'false' to disable
2024-07-11T15:15:34.856+09:00  INFO 26568 --- [restartedMain] .e.DevToolsPropertyDefaultsPostProcessor : For additional web related logging consider setting the 'logging.level.web' property to 'DEBUG'
2024-07-11T15:15:35.424+09:00  INFO 26568 --- [restartedMain] .s.d.r.c.RepositoryConfigurationDelegate : Bootstrapping Spring Data JPA repositories in DEFAULT mode.
2024-07-11T15:15:35.443+09:00  INFO 26568 --- [restartedMain] .s.d.r.c.RepositoryConfigurationDelegate : Finished Spring Data repository scanning in 12 ms. Found 0 JPA repository interfaces.
2024-07-11T15:15:36.046+09:00  INFO 26568 --- [restartedMain] o.s.b.w.embedded.tomcat.TomcatWebServer  : Tomcat initialized with port 8080 (http)
2024-07-11T15:15:36.056+09:00  INFO 26568 --- [restartedMain] o.apache.catalina.core.StandardService   : Starting service [Tomcat]
2024-07-11T15:15:36.057+09:00  INFO 26568 --- [restartedMain] o.apache.catalina.core.StandardEngine    : Starting Servlet engine: [Apache Tomcat/10.1.24]
2024-07-11T15:15:36.104+09:00  INFO 26568 --- [restartedMain] o.a.c.c.C.[Tomcat].[localhost].[/]       : Initializing Spring embedded WebApplicationContext
2024-07-11T15:15:36.104+09:00  INFO 26568 --- [restartedMain] w.s.c.ServletWebServerApplicationContext : Root WebApplicationContext: initialization completed in 1248 ms
2024-07-11T15:15:36.231+09:00  INFO 26568 --- [restartedMain] com.zaxxer.hikari.HikariDataSource       : HikariPool-1 - Starting...
2024-07-11T15:15:36.350+09:00  INFO 26568 --- [restartedMain] com.zaxxer.hikari.pool.HikariPool        : HikariPool-1 - Added connection com.mysql.cj.jdbc.ConnectionImpl@35ea2f04
2024-07-11T15:15:36.351+09:00  INFO 26568 --- [restartedMain] com.zaxxer.hikari.HikariDataSource       : HikariPool-1 - Start completed.
2024-07-11T15:15:36.381+09:00  INFO 26568 --- [restartedMain] o.hibernate.jpa.internal.util.LogHelper  : HHH000204: Processing PersistenceUnitInfo [name: default]
2024-07-11T15:15:36.428+09:00  INFO 26568 --- [restartedMain] org.hibernate.Version                    : HHH000412: Hibernate ORM core version 6.5.2.Final
2024-07-11T15:15:36.463+09:00  INFO 26568 --- [restartedMain] o.h.c.internal.RegionFactoryInitiator    : HHH000026: Second-level cache disabled
2024-07-11T15:15:36.728+09:00  INFO 26568 --- [restartedMain] o.s.o.j.p.SpringPersistenceUnitInfo      : No LoadTimeWeaver setup: ignoring JPA class transformer
2024-07-11T15:15:37.070+09:00  INFO 26568 --- [restartedMain] o.h.e.t.j.p.i.JtaPlatformInitiator       : HHH000489: No JTA platform available (set 'hibernate.transaction.jta.platform' to enable JTA platform integration)
2024-07-11T15:15:37.075+09:00  INFO 26568 --- [restartedMain] j.LocalContainerEntityManagerFactoryBean : Initialized JPA EntityManagerFactory for persistence unit 'default'
2024-07-11T15:15:37.271+09:00  INFO 26568 --- [restartedMain] r$InitializeUserDetailsManagerConfigurer : Global AuthenticationManager configured with UserDetailsService bean with name customUserDetailService
2024-07-11T15:15:37.314+09:00  WARN 26568 --- [restartedMain] JpaBaseConfiguration$JpaWebConfiguration : spring.jpa.open-in-view is enabled by default. Therefore, database queries may be performed during view rendering. Explicitly configure spring.jpa.open-in-view to disable this warning
2024-07-11T15:15:37.559+09:00  INFO 26568 --- [restartedMain] c.e.networking.config.SecurityConfig     : 시큐리티 설정...
2024-07-11T15:15:37.608+09:00  INFO 26568 --- [restartedMain] o.s.s.web.DefaultSecurityFilterChain     : Will secure any request with [org.springframework.security.web.session.DisableEncodeUrlFilter@7855d2ee, org.springframework.security.web.context.request.async.WebAsyncManagerIntegrationFilter@603c1866, org.springframework.security.web.context.SecurityContextHolderFilter@23f0ca44, org.springframework.security.web.header.HeaderWriterFilter@4cf1d19b, org.springframework.web.filter.CorsFilter@5bcbde2f, org.springframework.security.web.authentication.logout.LogoutFilter@281bfd1d, com.example.networking.security.jwt.filter.JwtRequestFilter@1a3ddb44, org.springframework.security.web.savedrequest.RequestCacheAwareFilter@7f7bf565, org.springframework.security.web.servletapi.SecurityContextHolderAwareRequestFilter@1e7b4d7a, org.springframework.security.web.authentication.AnonymousAuthenticationFilter@4ca9a84f, org.springframework.security.web.session.SessionManagementFilter@3d4445b, org.springframework.security.web.access.ExceptionTranslationFilter@63933820, org.springframework.security.web.access.intercept.AuthorizationFilter@1cd09426]
2024-07-11T15:15:37.737+09:00  WARN 26568 --- [restartedMain] ion$DefaultTemplateResolverConfiguration : Cannot find template location: classpath:/templates/ (please add some templates, check your Thymeleaf configuration, or set spring.thymeleaf.check-template-location=false)
2024-07-11T15:15:37.861+09:00  INFO 26568 --- [restartedMain] o.s.b.d.a.OptionalLiveReloadServer       : LiveReload server is running on port 35729
2024-07-11T15:15:37.892+09:00  INFO 26568 --- [restartedMain] o.s.b.w.embedded.tomcat.TomcatWebServer  : Tomcat started on port 8080 (http) with context path '/'
2024-07-11T15:15:37.900+09:00  INFO 26568 --- [restartedMain] c.e.networking.NetworkingApplication     : Started NetworkingApplication in 3.416 seconds (process running for 3.746)
2024-07-11T15:19:49.961+09:00  INFO 20420 --- [restartedMain] c.e.networking.NetworkingApplication     : Starting NetworkingApplication using Java 17.0.10 with PID 20420 (C:\fullstack\복사본\networking\build\classes\java\main started by User in C:\fullstack\복사본\networking)
2024-07-11T15:19:49.964+09:00 DEBUG 20420 --- [restartedMain] c.e.networking.NetworkingApplication     : Running with Spring Boot v3.3.0, Spring v6.1.8
2024-07-11T15:19:49.964+09:00  INFO 20420 --- [restartedMain] c.e.networking.NetworkingApplication     : No active profile set, falling back to 1 default profile: "default"
2024-07-11T15:19:50.009+09:00  INFO 20420 --- [restartedMain] .e.DevToolsPropertyDefaultsPostProcessor : Devtools property defaults active! Set 'spring.devtools.add-properties' to 'false' to disable
2024-07-11T15:19:50.009+09:00  INFO 20420 --- [restartedMain] .e.DevToolsPropertyDefaultsPostProcessor : For additional web related logging consider setting the 'logging.level.web' property to 'DEBUG'
2024-07-11T15:19:50.653+09:00  INFO 20420 --- [restartedMain] .s.d.r.c.RepositoryConfigurationDelegate : Bootstrapping Spring Data JPA repositories in DEFAULT mode.
2024-07-11T15:19:50.670+09:00  INFO 20420 --- [restartedMain] .s.d.r.c.RepositoryConfigurationDelegate : Finished Spring Data repository scanning in 10 ms. Found 0 JPA repository interfaces.
2024-07-11T15:19:51.304+09:00  INFO 20420 --- [restartedMain] o.s.b.w.embedded.tomcat.TomcatWebServer  : Tomcat initialized with port 8080 (http)
2024-07-11T15:19:51.315+09:00  INFO 20420 --- [restartedMain] o.apache.catalina.core.StandardService   : Starting service [Tomcat]
2024-07-11T15:19:51.315+09:00  INFO 20420 --- [restartedMain] o.apache.catalina.core.StandardEngine    : Starting Servlet engine: [Apache Tomcat/10.1.24]
2024-07-11T15:19:51.374+09:00  INFO 20420 --- [restartedMain] o.a.c.c.C.[Tomcat].[localhost].[/]       : Initializing Spring embedded WebApplicationContext
2024-07-11T15:19:51.374+09:00  INFO 20420 --- [restartedMain] w.s.c.ServletWebServerApplicationContext : Root WebApplicationContext: initialization completed in 1364 ms
2024-07-11T15:19:51.500+09:00  INFO 20420 --- [restartedMain] com.zaxxer.hikari.HikariDataSource       : HikariPool-1 - Starting...
2024-07-11T15:19:51.616+09:00  INFO 20420 --- [restartedMain] com.zaxxer.hikari.pool.HikariPool        : HikariPool-1 - Added connection com.mysql.cj.jdbc.ConnectionImpl@3a1da552
2024-07-11T15:19:51.619+09:00  INFO 20420 --- [restartedMain] com.zaxxer.hikari.HikariDataSource       : HikariPool-1 - Start completed.
2024-07-11T15:19:51.648+09:00  INFO 20420 --- [restartedMain] o.hibernate.jpa.internal.util.LogHelper  : HHH000204: Processing PersistenceUnitInfo [name: default]
2024-07-11T15:19:51.692+09:00  INFO 20420 --- [restartedMain] org.hibernate.Version                    : HHH000412: Hibernate ORM core version 6.5.2.Final
2024-07-11T15:19:51.722+09:00  INFO 20420 --- [restartedMain] o.h.c.internal.RegionFactoryInitiator    : HHH000026: Second-level cache disabled
2024-07-11T15:19:51.983+09:00  INFO 20420 --- [restartedMain] o.s.o.j.p.SpringPersistenceUnitInfo      : No LoadTimeWeaver setup: ignoring JPA class transformer
2024-07-11T15:19:52.281+09:00  INFO 20420 --- [restartedMain] o.h.e.t.j.p.i.JtaPlatformInitiator       : HHH000489: No JTA platform available (set 'hibernate.transaction.jta.platform' to enable JTA platform integration)
2024-07-11T15:19:52.284+09:00  INFO 20420 --- [restartedMain] j.LocalContainerEntityManagerFactoryBean : Initialized JPA EntityManagerFactory for persistence unit 'default'
2024-07-11T15:19:52.466+09:00  INFO 20420 --- [restartedMain] r$InitializeUserDetailsManagerConfigurer : Global AuthenticationManager configured with UserDetailsService bean with name customUserDetailService
2024-07-11T15:19:52.502+09:00  WARN 20420 --- [restartedMain] JpaBaseConfiguration$JpaWebConfiguration : spring.jpa.open-in-view is enabled by default. Therefore, database queries may be performed during view rendering. Explicitly configure spring.jpa.open-in-view to disable this warning
2024-07-11T15:19:52.710+09:00  INFO 20420 --- [restartedMain] c.e.networking.config.SecurityConfig     : 시큐리티 설정 시작...
2024-07-11T15:19:52.736+09:00  INFO 20420 --- [restartedMain] c.e.networking.config.SecurityConfig     : 시큐리티 설정 완료...
2024-07-11T15:19:52.758+09:00  INFO 20420 --- [restartedMain] o.s.s.web.DefaultSecurityFilterChain     : Will secure any request with [org.springframework.security.web.session.DisableEncodeUrlFilter@71c2a04, org.springframework.security.web.context.request.async.WebAsyncManagerIntegrationFilter@4c186a28, org.springframework.security.web.context.SecurityContextHolderFilter@106d2282, org.springframework.security.web.header.HeaderWriterFilter@48943043, org.springframework.web.filter.CorsFilter@60ab1510, org.springframework.security.web.authentication.logout.LogoutFilter@23d4aa6d, com.example.networking.security.jwt.filter.JwtRequestFilter@6e56e9e6, org.springframework.security.web.savedrequest.RequestCacheAwareFilter@2e25be7b, org.springframework.security.web.servletapi.SecurityContextHolderAwareRequestFilter@fbb6db4, org.springframework.security.web.authentication.AnonymousAuthenticationFilter@87cb222, org.springframework.security.web.session.SessionManagementFilter@57c436a5, org.springframework.security.web.access.ExceptionTranslationFilter@13134065, org.springframework.security.web.access.intercept.AuthorizationFilter@47b19fd0]
2024-07-11T15:19:52.874+09:00  WARN 20420 --- [restartedMain] ion$DefaultTemplateResolverConfiguration : Cannot find template location: classpath:/templates/ (please add some templates, check your Thymeleaf configuration, or set spring.thymeleaf.check-template-location=false)
2024-07-11T15:19:52.984+09:00  INFO 20420 --- [restartedMain] o.s.b.d.a.OptionalLiveReloadServer       : LiveReload server is running on port 35729
2024-07-11T15:19:53.013+09:00  INFO 20420 --- [restartedMain] o.s.b.w.embedded.tomcat.TomcatWebServer  : Tomcat started on port 8080 (http) with context path '/'
2024-07-11T15:19:53.020+09:00  INFO 20420 --- [restartedMain] c.e.networking.NetworkingApplication     : Started NetworkingApplication in 3.411 seconds (process running for 3.799)
